<?xml version="1.0" encoding="UTF-8"?>
<!-- Generated by org.testng.reporters.JUnitReportReporter -->
<testsuite name="com.project.testscripts.LoginScript" tests="1" time="4.683" ignored="0" failures="0" timestamp="17 May 2021 14:12:02 GMT" skipped="0" hostname="LAMU02CCKVEMD6M.uhc.com." errors="0">
  <testcase name="signInToLibertyMutual" time="4.683" classname="com.project.testscripts.LoginScript"/>
</testsuite> <!-- com.project.testscripts.LoginScript -->
